<?xml version="1.0" encoding="UTF-8"?>
<!-- Generated by org.testng.reporters.JUnitXMLReporter -->
<testsuite ignored="0" hostname="DESKTOP-UF1E5UH" failures="0" tests="1" name="BankingApp Test" time="59.276" errors="0" timestamp="2023-02-06T15:47:29 IST">
  <testcase classname="com.banking.testcases.BaseClass" name="@AfterTest captureScreen" time="-1.675678649577E9">
    <failure type="org.testng.TestNGException" message="
Can inject only one of &amp;lt;ITestContext, XmlTest&amp;gt; into a @AfterTest annotated captureScreen.
For more information on native dependency injection please refer to https://testng.org/doc/documentation-main.html#native-dependency-injection">
      <![CDATA[org.testng.TestNGException: 
Can inject only one of <ITestContext, XmlTest> into a @AfterTest annotated captureScreen.
For more information on native dependency injection please refer to https://testng.org/doc/documentation-main.html#native-dependency-injection
... Removed 21 stack frames]]>
    </failure>
  </testcase> <!-- @AfterTest captureScreen -->
  <testcase classname="com.banking.testcases.Amount_WithDrawal_Test_006" name="addaccount" time="42.306"/>
</testsuite> <!-- BankingApp Test -->
