<?xml version="1.0" encoding="UTF-8"?>
<testng-results ignored="0" total="1" passed="1" failed="0" skipped="0">
  <reporter-output>
  </reporter-output>
  <suite started-at="2023-02-04T13:44:08 IST" name="BankingInetv1" finished-at="2023-02-04T13:45:21 IST" duration-ms="73329">
    <groups>
    </groups>
    <test started-at="2023-02-04T13:44:08 IST" name="BankingApp Test" finished-at="2023-02-04T13:45:21 IST" duration-ms="73329">
      <class name="com.banking.testcases.Customer_Edit_Test_004">
        <test-method is-config="true" signature="setup(java.lang.String)[pri:0, instance:com.banking.testcases.Customer_Edit_Test_004@4d9ac0b4]" started-at="2023-02-04T13:44:08 IST" name="setup" finished-at="2023-02-04T13:44:28 IST" duration-ms="20255" status="PASS">
          <params>
            <param index="0">
              <value>
                <![CDATA[chrome]]>
              </value>
            </param>
          </params>
          <reporter-output>
          </reporter-output>
        </test-method> <!-- setup -->
        <test-method signature="editcustomer()[pri:0, instance:com.banking.testcases.Customer_Edit_Test_004@4d9ac0b4]" started-at="2023-02-04T13:44:28 IST" name="editcustomer" finished-at="2023-02-04T13:45:21 IST" duration-ms="53012" status="PASS">
          <reporter-output>
          </reporter-output>
        </test-method> <!-- editcustomer -->
        <test-method is-config="true" signature="tearDown()[pri:0, instance:com.banking.testcases.Customer_Edit_Test_004@4d9ac0b4]" started-at="2023-02-04T13:45:21 IST" name="tearDown" finished-at="2023-02-04T13:45:21 IST" duration-ms="1" status="PASS">
          <reporter-output>
          </reporter-output>
        </test-method> <!-- tearDown -->
        <test-method is-config="true" signature="captureScreen(org.openqa.selenium.WebDriver,java.lang.String)[pri:0, instance:com.banking.testcases.Customer_Edit_Test_004@4d9ac0b4]" started-at="2023-02-04T13:45:21 IST" name="captureScreen" finished-at="1970-01-01T05:30:00 IST" duration-ms="-1675498521700" status="FAIL">
          <exception class="org.testng.TestNGException">
            <message>
              <![CDATA[
Can inject only one of <ITestContext, XmlTest> into a @AfterTest annotated captureScreen.
For more information on native dependency injection please refer to https://testng.org/doc/documentation-main.html#native-dependency-injection]]>
            </message>
            <full-stacktrace>
              <![CDATA[org.testng.TestNGException: 
Can inject only one of <ITestContext, XmlTest> into a @AfterTest annotated captureScreen.
For more information on native dependency injection please refer to https://testng.org/doc/documentation-main.html#native-dependency-injection
at org.testng.internal.Parameters.checkParameterTypes(Parameters.java:439)
at org.testng.internal.Parameters.createParametersForMethod(Parameters.java:353)
at org.testng.internal.Parameters.createParameters(Parameters.java:708)
at org.testng.internal.Parameters.createConfigurationParameters(Parameters.java:168)
at org.testng.internal.ConfigInvoker.invokeConfigurations(ConfigInvoker.java:302)
at org.testng.TestRunner.invokeTestConfigurations(TestRunner.java:637)
at org.testng.TestRunner.afterRun(TestRunner.java:877)
at org.testng.TestRunner.run(TestRunner.java:599)
at org.testng.SuiteRunner.runTest(SuiteRunner.java:377)
at org.testng.SuiteRunner.runSequentially(SuiteRunner.java:371)
at org.testng.SuiteRunner.privateRun(SuiteRunner.java:332)
at org.testng.SuiteRunner.run(SuiteRunner.java:276)
at org.testng.SuiteRunnerWorker.runSuite(SuiteRunnerWorker.java:53)
at org.testng.SuiteRunnerWorker.run(SuiteRunnerWorker.java:96)
at org.testng.TestNG.runSuitesSequentially(TestNG.java:1212)
at org.testng.TestNG.runSuitesLocally(TestNG.java:1134)
at org.testng.TestNG.runSuites(TestNG.java:1063)
at org.testng.TestNG.run(TestNG.java:1031)
at org.testng.remote.AbstractRemoteTestNG.run(AbstractRemoteTestNG.java:115)
at org.testng.remote.RemoteTestNG.initAndRun(RemoteTestNG.java:251)
at org.testng.remote.RemoteTestNG.main(RemoteTestNG.java:77)
]]>
            </full-stacktrace>
          </exception> <!-- org.testng.TestNGException -->
          <reporter-output>
          </reporter-output>
        </test-method> <!-- captureScreen -->
      </class> <!-- com.banking.testcases.Customer_Edit_Test_004 -->
    </test> <!-- BankingApp Test -->
  </suite> <!-- BankingInetv1 -->
</testng-results>
